<?xml version="1.0" encoding="UTF-8"?>
<!-- Generated by org.testng.reporters.JUnitXMLReporter -->
<testsuite ignored="0" hostname="SWARANAY-IN" failures="1" tests="1" name="Test" time="4.729" errors="0" timestamp="2021-06-27T16:44:15 IST">
  <testcase classname="GrpIDPkg.E2E.Test4_JenkinParams" name="method4" time="0.029">
    <failure type="java.lang.AssertionError" message="null">
      <![CDATA[java.lang.AssertionError: null
at GrpIDPkg.E2E.Test4_JenkinParams.method4(Test4_JenkinParams.java:30)
at java.base/java.util.ArrayList.forEach(ArrayList.java:1511)
... Removed 29 stack frames]]>
    </failure>
  </testcase> <!-- method4 -->
</testsuite> <!-- Test -->
