<?xml version="1.0" encoding="UTF-8"?>
<testng-results skipped="0" failed="1" ignored="2" total="3" passed="0">
  <reporter-output>
  </reporter-output>
  <suite name="Suite" duration-ms="10469" started-at="2021-06-27T11:21:18Z" finished-at="2021-06-27T11:21:29Z">
    <groups>
      <group name="Sanity">
        <method signature="Test3_Assertions.validatePracticePath()[pri:0, instance:GrpIDPkg.E2E.Test3_Assertions@10d68fcd]" name="validatePracticePath" class="GrpIDPkg.E2E.Test3_Assertions"/>
      </group> <!-- Sanity -->
    </groups>
    <test name="Test" duration-ms="10469" started-at="2021-06-27T11:21:18Z" finished-at="2021-06-27T11:21:29Z">
      <class name="GrpIDPkg.E2E.Test3_Assertions">
        <test-method status="PASS" signature="startUp()[pri:0, instance:GrpIDPkg.E2E.Test3_Assertions@10d68fcd]" name="startUp" is-config="true" duration-ms="5365" started-at="2021-06-27T11:21:18Z" finished-at="2021-06-27T11:21:24Z">
          <reporter-output>
          </reporter-output>
        </test-method> <!-- startUp -->
        <test-method status="PASS" signature="launchUrl()[pri:0, instance:GrpIDPkg.E2E.Test3_Assertions@10d68fcd]" name="launchUrl" is-config="true" duration-ms="4247" started-at="2021-06-27T11:21:24Z" finished-at="2021-06-27T11:21:28Z">
          <reporter-output>
          </reporter-output>
        </test-method> <!-- launchUrl -->
        <test-method status="FAIL" signature="validatePracticePath()[pri:0, instance:GrpIDPkg.E2E.Test3_Assertions@10d68fcd]" name="validatePracticePath" duration-ms="107" started-at="2021-06-27T11:21:28Z" finished-at="2021-06-27T11:21:28Z">
          <exception class="java.lang.AssertionError">
            <message>
              <![CDATA[expected [false] but found [true]]]>
            </message>
            <full-stacktrace>
              <![CDATA[java.lang.AssertionError: expected [false] but found [true]
at org.testng.Assert.fail(Assert.java:96)
at org.testng.Assert.failNotEquals(Assert.java:776)
at org.testng.Assert.assertFalse(Assert.java:65)
at org.testng.Assert.assertFalse(Assert.java:75)
at GrpIDPkg.E2E.Test3_Assertions.validatePracticePath(Test3_Assertions.java:37)
at sun.reflect.NativeMethodAccessorImpl.invoke0(Native Method)
at sun.reflect.NativeMethodAccessorImpl.invoke(NativeMethodAccessorImpl.java:62)
at sun.reflect.DelegatingMethodAccessorImpl.invoke(DelegatingMethodAccessorImpl.java:43)
at java.lang.reflect.Method.invoke(Method.java:498)
at org.testng.internal.MethodInvocationHelper.invokeMethod(MethodInvocationHelper.java:124)
at org.testng.internal.Invoker.invokeMethod(Invoker.java:583)
at org.testng.internal.Invoker.invokeTestMethod(Invoker.java:719)
at org.testng.internal.Invoker.invokeTestMethods(Invoker.java:989)
at org.testng.internal.TestMethodWorker.invokeTestMethods(TestMethodWorker.java:125)
at org.testng.internal.TestMethodWorker.run(TestMethodWorker.java:109)
at org.testng.TestRunner.privateRun(TestRunner.java:648)
at org.testng.TestRunner.run(TestRunner.java:505)
at org.testng.SuiteRunner.runTest(SuiteRunner.java:455)
at org.testng.SuiteRunner.runSequentially(SuiteRunner.java:450)
at org.testng.SuiteRunner.privateRun(SuiteRunner.java:415)
at org.testng.SuiteRunner.run(SuiteRunner.java:364)
at org.testng.SuiteRunnerWorker.runSuite(SuiteRunnerWorker.java:52)
at org.testng.SuiteRunnerWorker.run(SuiteRunnerWorker.java:84)
at org.testng.TestNG.runSuitesSequentially(TestNG.java:1208)
at org.testng.TestNG.runSuitesLocally(TestNG.java:1137)
at org.testng.TestNG.runSuites(TestNG.java:1049)
at org.testng.TestNG.run(TestNG.java:1017)
at org.apache.maven.surefire.testng.TestNGExecutor.run(TestNGExecutor.java:283)
at org.apache.maven.surefire.testng.TestNGXmlTestSuite.execute(TestNGXmlTestSuite.java:75)
at org.apache.maven.surefire.testng.TestNGProvider.invoke(TestNGProvider.java:120)
at org.apache.maven.surefire.booter.ForkedBooter.invokeProviderInSameClassLoader(ForkedBooter.java:384)
at org.apache.maven.surefire.booter.ForkedBooter.runSuitesInProcess(ForkedBooter.java:345)
at org.apache.maven.surefire.booter.ForkedBooter.execute(ForkedBooter.java:126)
at org.apache.maven.surefire.booter.ForkedBooter.main(ForkedBooter.java:418)
]]>
            </full-stacktrace>
          </exception> <!-- java.lang.AssertionError -->
          <reporter-output>
          </reporter-output>
        </test-method> <!-- validatePracticePath -->
        <test-method status="PASS" signature="method3b()[pri:0, instance:GrpIDPkg.E2E.Test3_Assertions@10d68fcd]" name="method3b" is-config="true" duration-ms="176" started-at="2021-06-27T11:21:29Z" finished-at="2021-06-27T11:21:29Z">
          <reporter-output>
          </reporter-output>
        </test-method> <!-- method3b -->
      </class> <!-- GrpIDPkg.E2E.Test3_Assertions -->
    </test> <!-- Test -->
  </suite> <!-- Suite -->
</testng-results>
